<?xml version="1.0" encoding="UTF-8"?>
<!-- Generated by org.testng.reporters.JUnitReportReporter -->
<testsuite skipped="0" hostname="DESKTOP-JOCGLSO" name="Reg.Demo2Test" tests="1" failures="0" timestamp="15 Mar 2022 08:51:33 GMT" time="0.008" errors="0">
  <testcase name="demo2" time="0.008" classname="Reg.Demo2Test"/>
</testsuite> <!-- Reg.Demo2Test -->
